!SESSION 2024-03-07 15:37:19.612 -----------------------------------------------
eclipse.buildId=unknown
java.version=17.0.4.1
java.vendor=Eclipse Adoptium
BootLoader constants: OS=win32, ARCH=x86_64, WS=win32, NL=en_US
Command-line arguments:  -dev file:D:/SLIIT/Year-03/Sem-02/Software Architecture/Event Ticket Booking System/OSGI_Event-Ticket-Booking-System/.metadata/.plugins/org.eclipse.pde.core/eventPublisher/dev.properties -os win32 -ws win32 -arch x86_64 -consoleLog -console

!ENTRY EventCalenderSubscriber 4 0 2024-03-07 15:37:24.096
!MESSAGE FrameworkEvent ERROR
!STACK 0
org.osgi.framework.BundleException: Exception in com.mtit.eventcalendersubscriber.EventCalenderActivator.start() of bundle EventCalenderSubscriber.
	at org.eclipse.osgi.internal.framework.BundleContextImpl.startActivator(BundleContextImpl.java:839)
	at org.eclipse.osgi.internal.framework.BundleContextImpl.start(BundleContextImpl.java:767)
	at org.eclipse.osgi.internal.framework.EquinoxBundle.startWorker0(EquinoxBundle.java:1032)
	at org.eclipse.osgi.internal.framework.EquinoxBundle$EquinoxModule.startWorker(EquinoxBundle.java:371)
	at org.eclipse.osgi.container.Module.doStart(Module.java:605)
	at org.eclipse.osgi.container.Module.start(Module.java:468)
	at org.eclipse.osgi.container.ModuleContainer$ContainerStartLevel$2.run(ModuleContainer.java:1852)
	at org.eclipse.osgi.internal.framework.EquinoxContainerAdaptor$1$1.execute(EquinoxContainerAdaptor.java:136)
	at org.eclipse.osgi.container.ModuleContainer$ContainerStartLevel.incStartLevel(ModuleContainer.java:1845)
	at org.eclipse.osgi.container.ModuleContainer$ContainerStartLevel.incStartLevel(ModuleContainer.java:1788)
	at org.eclipse.osgi.container.ModuleContainer$ContainerStartLevel.doContainerStartLevel(ModuleContainer.java:1750)
	at org.eclipse.osgi.container.ModuleContainer$ContainerStartLevel.dispatchEvent(ModuleContainer.java:1672)
	at org.eclipse.osgi.container.ModuleContainer$ContainerStartLevel.dispatchEvent(ModuleContainer.java:1)
	at org.eclipse.osgi.framework.eventmgr.EventManager.dispatchEvent(EventManager.java:234)
	at org.eclipse.osgi.framework.eventmgr.EventManager$EventThread.run(EventManager.java:345)
Caused by: java.lang.NullPointerException: A null service reference is not allowed.
	at org.eclipse.osgi.internal.framework.BundleContextImpl.getService(BundleContextImpl.java:658)
	at com.mtit.eventcalendersubscriber.EventCalenderActivator.start(EventCalenderActivator.java:33)
	at org.eclipse.osgi.internal.framework.BundleContextImpl$2.run(BundleContextImpl.java:818)
	at org.eclipse.osgi.internal.framework.BundleContextImpl$2.run(BundleContextImpl.java:1)
	at java.base/java.security.AccessController.doPrivileged(AccessController.java:569)
	at org.eclipse.osgi.internal.framework.BundleContextImpl.startActivator(BundleContextImpl.java:810)
	... 14 more
Root exception:
java.lang.NullPointerException: A null service reference is not allowed.
	at org.eclipse.osgi.internal.framework.BundleContextImpl.getService(BundleContextImpl.java:658)
	at com.mtit.eventcalendersubscriber.EventCalenderActivator.start(EventCalenderActivator.java:33)
	at org.eclipse.osgi.internal.framework.BundleContextImpl$2.run(BundleContextImpl.java:818)
	at org.eclipse.osgi.internal.framework.BundleContextImpl$2.run(BundleContextImpl.java:1)
	at java.base/java.security.AccessController.doPrivileged(AccessController.java:569)
	at org.eclipse.osgi.internal.framework.BundleContextImpl.startActivator(BundleContextImpl.java:810)
	at org.eclipse.osgi.internal.framework.BundleContextImpl.start(BundleContextImpl.java:767)
	at org.eclipse.osgi.internal.framework.EquinoxBundle.startWorker0(EquinoxBundle.java:1032)
	at org.eclipse.osgi.internal.framework.EquinoxBundle$EquinoxModule.startWorker(EquinoxBundle.java:371)
	at org.eclipse.osgi.container.Module.doStart(Module.java:605)
	at org.eclipse.osgi.container.Module.start(Module.java:468)
	at org.eclipse.osgi.container.ModuleContainer$ContainerStartLevel$2.run(ModuleContainer.java:1852)
	at org.eclipse.osgi.internal.framework.EquinoxContainerAdaptor$1$1.execute(EquinoxContainerAdaptor.java:136)
	at org.eclipse.osgi.container.ModuleContainer$ContainerStartLevel.incStartLevel(ModuleContainer.java:1845)
	at org.eclipse.osgi.container.ModuleContainer$ContainerStartLevel.incStartLevel(ModuleContainer.java:1788)
	at org.eclipse.osgi.container.ModuleContainer$ContainerStartLevel.doContainerStartLevel(ModuleContainer.java:1750)
	at org.eclipse.osgi.container.ModuleContainer$ContainerStartLevel.dispatchEvent(ModuleContainer.java:1672)
	at org.eclipse.osgi.container.ModuleContainer$ContainerStartLevel.dispatchEvent(ModuleContainer.java:1)
	at org.eclipse.osgi.framework.eventmgr.EventManager.dispatchEvent(EventManager.java:234)
	at org.eclipse.osgi.framework.eventmgr.EventManager$EventThread.run(EventManager.java:345)
